# Running command:
/home/wrf/git/genomeGTFtools/microsynteny.py -q Hcv1a1d20200325.gff -d /home/wrf/genomes/trichoplax_adhaerens/Trichoplax_scaffolds_JGI_AUGUSTUS_transcript_only.gff -b Hcv1a1d20200325_model_proteins.pep.vs_triad.tab -G --blast-db-delimiter __ -m 2
# Parsing Hcv1a1d20200325.gff  Sat Mar 28 08:44:21 2020
# Found 29923 genes  Sat Mar 28 08:44:21 2020
# Parsing /home/wrf/genomes/trichoplax_adhaerens/Trichoplax_scaffolds_JGI_AUGUSTUS_transcript_only.gff  Sat Mar 28 08:44:21 2020
# Found 18508 genes  Sat Mar 28 08:44:21 2020
# Parsing tabular blast output Hcv1a1d20200325_model_proteins.pep.vs_triad.tab  Sat Mar 28 08:44:21 2020
# Found blast hits for 5384 query sequences  Sat Mar 28 08:44:21 2020
# Removed 563 hits by evalue, kept 24819 hits
# Names parsed as Hcv1.1.sca23.g1.i1 from Hcv1.1.sca23.g1.i1, and g8381.t1 from g8381.t1__scaffold_11
# make GFF output: True
# searching for colinear blocks of at least 2 genes, with up to 5 intervening genes
New longest block blk-1 of 2 on c1
New longest block blk-26 of 3 on c2
New longest block blk-31 of 4 on c4
# Found 146 possible split genes  Sat Mar 28 08:44:21 2020
# Most genes on a query scaffold was 3809  Sat Mar 28 08:44:21 2020
# Found 42 total putative synteny blocks for 90 genes  Sat Mar 28 08:44:21 2020
# Average block is 2.14, longest block was 4 genes  Sat Mar 28 08:44:21 2020
# Total block span was 871937 bases  Sat Mar 28 08:44:21 2020
2 37
3 4
4 1
